<?xml version="1.0" encoding="UTF-8"?>
<testsuite xmlns:xsi="http://www.w3.org/2001/XMLSchema-instance" xsi:noNamespaceSchemaLocation="https://maven.apache.org/surefire/maven-surefire-plugin/xsd/surefire-test-report.xsd" name="com.ctg.aatime.dao.ActivityMembersDaoTest" time="0.003" tests="1" errors="1" skipped="0" failures="0">
  <properties>
    <property name="sun.desktop" value="windows"/>
    <property name="awt.toolkit" value="sun.awt.windows.WToolkit"/>
    <property name="file.encoding.pkg" value="sun.io"/>
    <property name="java.specification.version" value="1.8"/>
    <property name="sun.cpu.isalist" value="amd64"/>
    <property name="sun.jnu.encoding" value="GBK"/>
    <property name="java.class.path" value="F:\IDEAproject\AA-time\AA-time-web\target\test-classes;F:\IDEAproject\AA-time\AA-time-web\target\classes;F:\IDEAproject\AA-time\AA-time-wx\target\aatime-wx-1.0-SNAPSHOT.jar;d:\maven\maven.m2\repository\org\bouncycastle\bcprov-jdk15on\1.58\bcprov-jdk15on-1.58.jar;d:\maven\maven.m2\repository\org\springframework\boot\spring-boot-starter-websocket\2.0.0.RELEASE\spring-boot-starter-websocket-2.0.0.RELEASE.jar;d:\maven\maven.m2\repository\org\springframework\boot\spring-boot-starter\2.0.0.RELEASE\spring-boot-starter-2.0.0.RELEASE.jar;d:\maven\maven.m2\repository\org\springframework\boot\spring-boot\2.0.0.RELEASE\spring-boot-2.0.0.RELEASE.jar;d:\maven\maven.m2\repository\org\springframework\boot\spring-boot-starter-logging\2.0.0.RELEASE\spring-boot-starter-logging-2.0.0.RELEASE.jar;d:\maven\maven.m2\repository\ch\qos\logback\logback-classic\1.2.3\logback-classic-1.2.3.jar;d:\maven\maven.m2\repository\ch\qos\logback\logback-core\1.2.3\logback-core-1.2.3.jar;d:\maven\maven.m2\repository\org\apache\logging\log4j\log4j-to-slf4j\2.10.0\log4j-to-slf4j-2.10.0.jar;d:\maven\maven.m2\repository\org\apache\logging\log4j\log4j-api\2.10.0\log4j-api-2.10.0.jar;d:\maven\maven.m2\repository\org\slf4j\jul-to-slf4j\1.7.25\jul-to-slf4j-1.7.25.jar;d:\maven\maven.m2\repository\javax\annotation\javax.annotation-api\1.3.2\javax.annotation-api-1.3.2.jar;d:\maven\maven.m2\repository\org\yaml\snakeyaml\1.19\snakeyaml-1.19.jar;d:\maven\maven.m2\repository\org\springframework\spring-messaging\5.0.4.RELEASE\spring-messaging-5.0.4.RELEASE.jar;d:\maven\maven.m2\repository\org\springframework\spring-beans\5.0.4.RELEASE\spring-beans-5.0.4.RELEASE.jar;d:\maven\maven.m2\repository\org\springframework\spring-websocket\5.0.4.RELEASE\spring-websocket-5.0.4.RELEASE.jar;d:\maven\maven.m2\repository\org\springframework\spring-context\5.0.4.RELEASE\spring-context-5.0.4.RELEASE.jar;d:\maven\maven.m2\repository\org\springframework\boot\spring-boot-starter-amqp\2.0.0.RELEASE\spring-boot-starter-amqp-2.0.0.RELEASE.jar;d:\maven\maven.m2\repository\org\springframework\amqp\spring-rabbit\2.0.2.RELEASE\spring-rabbit-2.0.2.RELEASE.jar;d:\maven\maven.m2\repository\org\springframework\amqp\spring-amqp\2.0.2.RELEASE\spring-amqp-2.0.2.RELEASE.jar;d:\maven\maven.m2\repository\com\rabbitmq\amqp-client\5.1.2\amqp-client-5.1.2.jar;d:\maven\maven.m2\repository\com\rabbitmq\http-client\1.3.1.RELEASE\http-client-1.3.1.RELEASE.jar;d:\maven\maven.m2\repository\org\apache\httpcomponents\httpclient\4.5.5\httpclient-4.5.5.jar;d:\maven\maven.m2\repository\org\apache\httpcomponents\httpcore\4.4.9\httpcore-4.4.9.jar;d:\maven\maven.m2\repository\commons-codec\commons-codec\1.11\commons-codec-1.11.jar;d:\maven\maven.m2\repository\org\springframework\spring-tx\5.0.4.RELEASE\spring-tx-5.0.4.RELEASE.jar;d:\maven\maven.m2\repository\org\springframework\retry\spring-retry\1.2.2.RELEASE\spring-retry-1.2.2.RELEASE.jar;d:\maven\maven.m2\repository\org\springframework\boot\spring-boot-starter-web\2.0.0.RELEASE\spring-boot-starter-web-2.0.0.RELEASE.jar;d:\maven\maven.m2\repository\org\springframework\boot\spring-boot-starter-json\2.0.0.RELEASE\spring-boot-starter-json-2.0.0.RELEASE.jar;d:\maven\maven.m2\repository\com\fasterxml\jackson\core\jackson-databind\2.9.4\jackson-databind-2.9.4.jar;d:\maven\maven.m2\repository\com\fasterxml\jackson\core\jackson-core\2.9.4\jackson-core-2.9.4.jar;d:\maven\maven.m2\repository\com\fasterxml\jackson\datatype\jackson-datatype-jdk8\2.9.4\jackson-datatype-jdk8-2.9.4.jar;d:\maven\maven.m2\repository\com\fasterxml\jackson\datatype\jackson-datatype-jsr310\2.9.4\jackson-datatype-jsr310-2.9.4.jar;d:\maven\maven.m2\repository\com\fasterxml\jackson\module\jackson-module-parameter-names\2.9.4\jackson-module-parameter-names-2.9.4.jar;d:\maven\maven.m2\repository\org\springframework\boot\spring-boot-starter-tomcat\2.0.0.RELEASE\spring-boot-starter-tomcat-2.0.0.RELEASE.jar;d:\maven\maven.m2\repository\org\apache\tomcat\embed\tomcat-embed-core\8.5.28\tomcat-embed-core-8.5.28.jar;d:\maven\maven.m2\repository\org\apache\tomcat\embed\tomcat-embed-el\8.5.28\tomcat-embed-el-8.5.28.jar;d:\maven\maven.m2\repository\org\apache\tomcat\embed\tomcat-embed-websocket\8.5.28\tomcat-embed-websocket-8.5.28.jar;d:\maven\maven.m2\repository\org\hibernate\validator\hibernate-validator\6.0.7.Final\hibernate-validator-6.0.7.Final.jar;d:\maven\maven.m2\repository\javax\validation\validation-api\2.0.1.Final\validation-api-2.0.1.Final.jar;d:\maven\maven.m2\repository\org\jboss\logging\jboss-logging\3.3.2.Final\jboss-logging-3.3.2.Final.jar;d:\maven\maven.m2\repository\org\springframework\spring-web\5.0.4.RELEASE\spring-web-5.0.4.RELEASE.jar;d:\maven\maven.m2\repository\org\springframework\spring-webmvc\5.0.4.RELEASE\spring-webmvc-5.0.4.RELEASE.jar;d:\maven\maven.m2\repository\org\springframework\spring-expression\5.0.4.RELEASE\spring-expression-5.0.4.RELEASE.jar;d:\maven\maven.m2\repository\org\springframework\boot\spring-boot-starter-aop\2.0.0.RELEASE\spring-boot-starter-aop-2.0.0.RELEASE.jar;d:\maven\maven.m2\repository\org\springframework\spring-aop\5.0.4.RELEASE\spring-aop-5.0.4.RELEASE.jar;d:\maven\maven.m2\repository\org\aspectj\aspectjweaver\1.8.13\aspectjweaver-1.8.13.jar;d:\maven\maven.m2\repository\org\mybatis\spring\boot\mybatis-spring-boot-starter\1.3.1\mybatis-spring-boot-starter-1.3.1.jar;d:\maven\maven.m2\repository\org\springframework\boot\spring-boot-starter-jdbc\2.0.0.RELEASE\spring-boot-starter-jdbc-2.0.0.RELEASE.jar;d:\maven\maven.m2\repository\com\zaxxer\HikariCP\2.7.8\HikariCP-2.7.8.jar;d:\maven\maven.m2\repository\org\springframework\spring-jdbc\5.0.4.RELEASE\spring-jdbc-5.0.4.RELEASE.jar;d:\maven\maven.m2\repository\org\mybatis\spring\boot\mybatis-spring-boot-autoconfigure\1.3.1\mybatis-spring-boot-autoconfigure-1.3.1.jar;d:\maven\maven.m2\repository\org\mybatis\mybatis\3.4.5\mybatis-3.4.5.jar;d:\maven\maven.m2\repository\org\mybatis\mybatis-spring\1.3.1\mybatis-spring-1.3.1.jar;d:\maven\maven.m2\repository\com\alibaba\druid-spring-boot-starter\1.1.9\druid-spring-boot-starter-1.1.9.jar;d:\maven\maven.m2\repository\com\alibaba\druid\1.1.9\druid-1.1.9.jar;d:\maven\maven.m2\repository\org\slf4j\slf4j-api\1.7.25\slf4j-api-1.7.25.jar;d:\maven\maven.m2\repository\org\springframework\boot\spring-boot-autoconfigure\2.0.0.RELEASE\spring-boot-autoconfigure-2.0.0.RELEASE.jar;d:\maven\maven.m2\repository\mysql\mysql-connector-java\5.1.45\mysql-connector-java-5.1.45.jar;d:\maven\maven.m2\repository\org\springframework\boot\spring-boot-starter-data-redis\1.5.9.RELEASE\spring-boot-starter-data-redis-1.5.9.RELEASE.jar;d:\maven\maven.m2\repository\org\springframework\data\spring-data-redis\2.0.5.RELEASE\spring-data-redis-2.0.5.RELEASE.jar;d:\maven\maven.m2\repository\org\springframework\data\spring-data-keyvalue\2.0.5.RELEASE\spring-data-keyvalue-2.0.5.RELEASE.jar;d:\maven\maven.m2\repository\org\springframework\data\spring-data-commons\2.0.5.RELEASE\spring-data-commons-2.0.5.RELEASE.jar;d:\maven\maven.m2\repository\org\springframework\spring-oxm\5.0.4.RELEASE\spring-oxm-5.0.4.RELEASE.jar;d:\maven\maven.m2\repository\org\springframework\spring-context-support\5.0.4.RELEASE\spring-context-support-5.0.4.RELEASE.jar;d:\maven\maven.m2\repository\redis\clients\jedis\2.9.0\jedis-2.9.0.jar;d:\maven\maven.m2\repository\org\apache\commons\commons-pool2\2.5.0\commons-pool2-2.5.0.jar;d:\maven\maven.m2\repository\org\projectlombok\lombok\1.16.20\lombok-1.16.20.jar;d:\maven\maven.m2\repository\org\springframework\boot\spring-boot-starter-test\2.0.0.RELEASE\spring-boot-starter-test-2.0.0.RELEASE.jar;d:\maven\maven.m2\repository\org\springframework\boot\spring-boot-test\2.0.0.RELEASE\spring-boot-test-2.0.0.RELEASE.jar;d:\maven\maven.m2\repository\org\springframework\boot\spring-boot-test-autoconfigure\2.0.0.RELEASE\spring-boot-test-autoconfigure-2.0.0.RELEASE.jar;d:\maven\maven.m2\repository\com\jayway\jsonpath\json-path\2.4.0\json-path-2.4.0.jar;d:\maven\maven.m2\repository\net\minidev\json-smart\2.3\json-smart-2.3.jar;d:\maven\maven.m2\repository\net\minidev\accessors-smart\1.2\accessors-smart-1.2.jar;d:\maven\maven.m2\repository\org\ow2\asm\asm\5.0.4\asm-5.0.4.jar;d:\maven\maven.m2\repository\junit\junit\4.12\junit-4.12.jar;d:\maven\maven.m2\repository\org\assertj\assertj-core\3.9.1\assertj-core-3.9.1.jar;d:\maven\maven.m2\repository\org\mockito\mockito-core\2.15.0\mockito-core-2.15.0.jar;d:\maven\maven.m2\repository\net\bytebuddy\byte-buddy\1.7.10\byte-buddy-1.7.10.jar;d:\maven\maven.m2\repository\net\bytebuddy\byte-buddy-agent\1.7.10\byte-buddy-agent-1.7.10.jar;d:\maven\maven.m2\repository\org\objenesis\objenesis\2.6\objenesis-2.6.jar;d:\maven\maven.m2\repository\org\hamcrest\hamcrest-core\1.3\hamcrest-core-1.3.jar;d:\maven\maven.m2\repository\org\hamcrest\hamcrest-library\1.3\hamcrest-library-1.3.jar;d:\maven\maven.m2\repository\org\skyscreamer\jsonassert\1.5.0\jsonassert-1.5.0.jar;d:\maven\maven.m2\repository\com\vaadin\external\google\android-json\0.0.20131108.vaadin1\android-json-0.0.20131108.vaadin1.jar;d:\maven\maven.m2\repository\org\springframework\spring-core\5.0.4.RELEASE\spring-core-5.0.4.RELEASE.jar;d:\maven\maven.m2\repository\org\springframework\spring-jcl\5.0.4.RELEASE\spring-jcl-5.0.4.RELEASE.jar;d:\maven\maven.m2\repository\org\springframework\spring-test\5.0.4.RELEASE\spring-test-5.0.4.RELEASE.jar;d:\maven\maven.m2\repository\org\xmlunit\xmlunit-core\2.5.1\xmlunit-core-2.5.1.jar;d:\maven\maven.m2\repository\com\google\code\gson\gson\2.6.2\gson-2.6.2.jar;d:\maven\maven.m2\repository\org\json\json\20160810\json-20160810.jar;d:\maven\maven.m2\repository\commons-lang\commons-lang\2.6\commons-lang-2.6.jar;d:\maven\maven.m2\repository\io\springfox\springfox-swagger2\2.7.0\springfox-swagger2-2.7.0.jar;d:\maven\maven.m2\repository\io\swagger\swagger-annotations\1.5.13\swagger-annotations-1.5.13.jar;d:\maven\maven.m2\repository\io\swagger\swagger-models\1.5.13\swagger-models-1.5.13.jar;d:\maven\maven.m2\repository\com\fasterxml\jackson\core\jackson-annotations\2.9.0\jackson-annotations-2.9.0.jar;d:\maven\maven.m2\repository\io\springfox\springfox-spi\2.7.0\springfox-spi-2.7.0.jar;d:\maven\maven.m2\repository\io\springfox\springfox-core\2.7.0\springfox-core-2.7.0.jar;d:\maven\maven.m2\repository\io\springfox\springfox-schema\2.7.0\springfox-schema-2.7.0.jar;d:\maven\maven.m2\repository\io\springfox\springfox-swagger-common\2.7.0\springfox-swagger-common-2.7.0.jar;d:\maven\maven.m2\repository\io\springfox\springfox-spring-web\2.7.0\springfox-spring-web-2.7.0.jar;d:\maven\maven.m2\repository\org\reflections\reflections\0.9.11\reflections-0.9.11.jar;d:\maven\maven.m2\repository\org\javassist\javassist\3.21.0-GA\javassist-3.21.0-GA.jar;d:\maven\maven.m2\repository\com\google\guava\guava\18.0\guava-18.0.jar;d:\maven\maven.m2\repository\com\fasterxml\classmate\1.3.4\classmate-1.3.4.jar;d:\maven\maven.m2\repository\org\springframework\plugin\spring-plugin-core\1.2.0.RELEASE\spring-plugin-core-1.2.0.RELEASE.jar;d:\maven\maven.m2\repository\org\springframework\plugin\spring-plugin-metadata\1.2.0.RELEASE\spring-plugin-metadata-1.2.0.RELEASE.jar;d:\maven\maven.m2\repository\org\mapstruct\mapstruct\1.1.0.Final\mapstruct-1.1.0.Final.jar;d:\maven\maven.m2\repository\io\springfox\springfox-swagger-ui\2.7.0\springfox-swagger-ui-2.7.0.jar;"/>
    <property name="java.vm.vendor" value="Oracle Corporation"/>
    <property name="sun.arch.data.model" value="64"/>
    <property name="user.variant" value=""/>
    <property name="java.vendor.url" value="http://java.oracle.com/"/>
    <property name="user.timezone" value=""/>
    <property name="java.vm.specification.version" value="1.8"/>
    <property name="os.name" value="Windows 10"/>
    <property name="user.country" value="CN"/>
    <property name="sun.java.launcher" value="SUN_STANDARD"/>
    <property name="sun.boot.library.path" value="C:\Program Files\Java\jdk1.8.0_121\jre\bin"/>
    <property name="sun.java.command" value="C:\Users\ADMINI~1\AppData\Local\Temp\surefire7375943761385897879\surefirebooter5425501732065712559.jar C:\Users\Administrator\AppData\Local\Temp\surefire7375943761385897879 2018-03-27T18-44-38_755-jvmRun1 surefire1289944250559611670tmp surefire_06863974115166578677tmp"/>
    <property name="surefire.test.class.path" value="F:\IDEAproject\AA-time\AA-time-web\target\test-classes;F:\IDEAproject\AA-time\AA-time-web\target\classes;F:\IDEAproject\AA-time\AA-time-wx\target\aatime-wx-1.0-SNAPSHOT.jar;d:\maven\maven.m2\repository\org\bouncycastle\bcprov-jdk15on\1.58\bcprov-jdk15on-1.58.jar;d:\maven\maven.m2\repository\org\springframework\boot\spring-boot-starter-websocket\2.0.0.RELEASE\spring-boot-starter-websocket-2.0.0.RELEASE.jar;d:\maven\maven.m2\repository\org\springframework\boot\spring-boot-starter\2.0.0.RELEASE\spring-boot-starter-2.0.0.RELEASE.jar;d:\maven\maven.m2\repository\org\springframework\boot\spring-boot\2.0.0.RELEASE\spring-boot-2.0.0.RELEASE.jar;d:\maven\maven.m2\repository\org\springframework\boot\spring-boot-starter-logging\2.0.0.RELEASE\spring-boot-starter-logging-2.0.0.RELEASE.jar;d:\maven\maven.m2\repository\ch\qos\logback\logback-classic\1.2.3\logback-classic-1.2.3.jar;d:\maven\maven.m2\repository\ch\qos\logback\logback-core\1.2.3\logback-core-1.2.3.jar;d:\maven\maven.m2\repository\org\apache\logging\log4j\log4j-to-slf4j\2.10.0\log4j-to-slf4j-2.10.0.jar;d:\maven\maven.m2\repository\org\apache\logging\log4j\log4j-api\2.10.0\log4j-api-2.10.0.jar;d:\maven\maven.m2\repository\org\slf4j\jul-to-slf4j\1.7.25\jul-to-slf4j-1.7.25.jar;d:\maven\maven.m2\repository\javax\annotation\javax.annotation-api\1.3.2\javax.annotation-api-1.3.2.jar;d:\maven\maven.m2\repository\org\yaml\snakeyaml\1.19\snakeyaml-1.19.jar;d:\maven\maven.m2\repository\org\springframework\spring-messaging\5.0.4.RELEASE\spring-messaging-5.0.4.RELEASE.jar;d:\maven\maven.m2\repository\org\springframework\spring-beans\5.0.4.RELEASE\spring-beans-5.0.4.RELEASE.jar;d:\maven\maven.m2\repository\org\springframework\spring-websocket\5.0.4.RELEASE\spring-websocket-5.0.4.RELEASE.jar;d:\maven\maven.m2\repository\org\springframework\spring-context\5.0.4.RELEASE\spring-context-5.0.4.RELEASE.jar;d:\maven\maven.m2\repository\org\springframework\boot\spring-boot-starter-amqp\2.0.0.RELEASE\spring-boot-starter-amqp-2.0.0.RELEASE.jar;d:\maven\maven.m2\repository\org\springframework\amqp\spring-rabbit\2.0.2.RELEASE\spring-rabbit-2.0.2.RELEASE.jar;d:\maven\maven.m2\repository\org\springframework\amqp\spring-amqp\2.0.2.RELEASE\spring-amqp-2.0.2.RELEASE.jar;d:\maven\maven.m2\repository\com\rabbitmq\amqp-client\5.1.2\amqp-client-5.1.2.jar;d:\maven\maven.m2\repository\com\rabbitmq\http-client\1.3.1.RELEASE\http-client-1.3.1.RELEASE.jar;d:\maven\maven.m2\repository\org\apache\httpcomponents\httpclient\4.5.5\httpclient-4.5.5.jar;d:\maven\maven.m2\repository\org\apache\httpcomponents\httpcore\4.4.9\httpcore-4.4.9.jar;d:\maven\maven.m2\repository\commons-codec\commons-codec\1.11\commons-codec-1.11.jar;d:\maven\maven.m2\repository\org\springframework\spring-tx\5.0.4.RELEASE\spring-tx-5.0.4.RELEASE.jar;d:\maven\maven.m2\repository\org\springframework\retry\spring-retry\1.2.2.RELEASE\spring-retry-1.2.2.RELEASE.jar;d:\maven\maven.m2\repository\org\springframework\boot\spring-boot-starter-web\2.0.0.RELEASE\spring-boot-starter-web-2.0.0.RELEASE.jar;d:\maven\maven.m2\repository\org\springframework\boot\spring-boot-starter-json\2.0.0.RELEASE\spring-boot-starter-json-2.0.0.RELEASE.jar;d:\maven\maven.m2\repository\com\fasterxml\jackson\core\jackson-databind\2.9.4\jackson-databind-2.9.4.jar;d:\maven\maven.m2\repository\com\fasterxml\jackson\core\jackson-core\2.9.4\jackson-core-2.9.4.jar;d:\maven\maven.m2\repository\com\fasterxml\jackson\datatype\jackson-datatype-jdk8\2.9.4\jackson-datatype-jdk8-2.9.4.jar;d:\maven\maven.m2\repository\com\fasterxml\jackson\datatype\jackson-datatype-jsr310\2.9.4\jackson-datatype-jsr310-2.9.4.jar;d:\maven\maven.m2\repository\com\fasterxml\jackson\module\jackson-module-parameter-names\2.9.4\jackson-module-parameter-names-2.9.4.jar;d:\maven\maven.m2\repository\org\springframework\boot\spring-boot-starter-tomcat\2.0.0.RELEASE\spring-boot-starter-tomcat-2.0.0.RELEASE.jar;d:\maven\maven.m2\repository\org\apache\tomcat\embed\tomcat-embed-core\8.5.28\tomcat-embed-core-8.5.28.jar;d:\maven\maven.m2\repository\org\apache\tomcat\embed\tomcat-embed-el\8.5.28\tomcat-embed-el-8.5.28.jar;d:\maven\maven.m2\repository\org\apache\tomcat\embed\tomcat-embed-websocket\8.5.28\tomcat-embed-websocket-8.5.28.jar;d:\maven\maven.m2\repository\org\hibernate\validator\hibernate-validator\6.0.7.Final\hibernate-validator-6.0.7.Final.jar;d:\maven\maven.m2\repository\javax\validation\validation-api\2.0.1.Final\validation-api-2.0.1.Final.jar;d:\maven\maven.m2\repository\org\jboss\logging\jboss-logging\3.3.2.Final\jboss-logging-3.3.2.Final.jar;d:\maven\maven.m2\repository\org\springframework\spring-web\5.0.4.RELEASE\spring-web-5.0.4.RELEASE.jar;d:\maven\maven.m2\repository\org\springframework\spring-webmvc\5.0.4.RELEASE\spring-webmvc-5.0.4.RELEASE.jar;d:\maven\maven.m2\repository\org\springframework\spring-expression\5.0.4.RELEASE\spring-expression-5.0.4.RELEASE.jar;d:\maven\maven.m2\repository\org\springframework\boot\spring-boot-starter-aop\2.0.0.RELEASE\spring-boot-starter-aop-2.0.0.RELEASE.jar;d:\maven\maven.m2\repository\org\springframework\spring-aop\5.0.4.RELEASE\spring-aop-5.0.4.RELEASE.jar;d:\maven\maven.m2\repository\org\aspectj\aspectjweaver\1.8.13\aspectjweaver-1.8.13.jar;d:\maven\maven.m2\repository\org\mybatis\spring\boot\mybatis-spring-boot-starter\1.3.1\mybatis-spring-boot-starter-1.3.1.jar;d:\maven\maven.m2\repository\org\springframework\boot\spring-boot-starter-jdbc\2.0.0.RELEASE\spring-boot-starter-jdbc-2.0.0.RELEASE.jar;d:\maven\maven.m2\repository\com\zaxxer\HikariCP\2.7.8\HikariCP-2.7.8.jar;d:\maven\maven.m2\repository\org\springframework\spring-jdbc\5.0.4.RELEASE\spring-jdbc-5.0.4.RELEASE.jar;d:\maven\maven.m2\repository\org\mybatis\spring\boot\mybatis-spring-boot-autoconfigure\1.3.1\mybatis-spring-boot-autoconfigure-1.3.1.jar;d:\maven\maven.m2\repository\org\mybatis\mybatis\3.4.5\mybatis-3.4.5.jar;d:\maven\maven.m2\repository\org\mybatis\mybatis-spring\1.3.1\mybatis-spring-1.3.1.jar;d:\maven\maven.m2\repository\com\alibaba\druid-spring-boot-starter\1.1.9\druid-spring-boot-starter-1.1.9.jar;d:\maven\maven.m2\repository\com\alibaba\druid\1.1.9\druid-1.1.9.jar;d:\maven\maven.m2\repository\org\slf4j\slf4j-api\1.7.25\slf4j-api-1.7.25.jar;d:\maven\maven.m2\repository\org\springframework\boot\spring-boot-autoconfigure\2.0.0.RELEASE\spring-boot-autoconfigure-2.0.0.RELEASE.jar;d:\maven\maven.m2\repository\mysql\mysql-connector-java\5.1.45\mysql-connector-java-5.1.45.jar;d:\maven\maven.m2\repository\org\springframework\boot\spring-boot-starter-data-redis\1.5.9.RELEASE\spring-boot-starter-data-redis-1.5.9.RELEASE.jar;d:\maven\maven.m2\repository\org\springframework\data\spring-data-redis\2.0.5.RELEASE\spring-data-redis-2.0.5.RELEASE.jar;d:\maven\maven.m2\repository\org\springframework\data\spring-data-keyvalue\2.0.5.RELEASE\spring-data-keyvalue-2.0.5.RELEASE.jar;d:\maven\maven.m2\repository\org\springframework\data\spring-data-commons\2.0.5.RELEASE\spring-data-commons-2.0.5.RELEASE.jar;d:\maven\maven.m2\repository\org\springframework\spring-oxm\5.0.4.RELEASE\spring-oxm-5.0.4.RELEASE.jar;d:\maven\maven.m2\repository\org\springframework\spring-context-support\5.0.4.RELEASE\spring-context-support-5.0.4.RELEASE.jar;d:\maven\maven.m2\repository\redis\clients\jedis\2.9.0\jedis-2.9.0.jar;d:\maven\maven.m2\repository\org\apache\commons\commons-pool2\2.5.0\commons-pool2-2.5.0.jar;d:\maven\maven.m2\repository\org\projectlombok\lombok\1.16.20\lombok-1.16.20.jar;d:\maven\maven.m2\repository\org\springframework\boot\spring-boot-starter-test\2.0.0.RELEASE\spring-boot-starter-test-2.0.0.RELEASE.jar;d:\maven\maven.m2\repository\org\springframework\boot\spring-boot-test\2.0.0.RELEASE\spring-boot-test-2.0.0.RELEASE.jar;d:\maven\maven.m2\repository\org\springframework\boot\spring-boot-test-autoconfigure\2.0.0.RELEASE\spring-boot-test-autoconfigure-2.0.0.RELEASE.jar;d:\maven\maven.m2\repository\com\jayway\jsonpath\json-path\2.4.0\json-path-2.4.0.jar;d:\maven\maven.m2\repository\net\minidev\json-smart\2.3\json-smart-2.3.jar;d:\maven\maven.m2\repository\net\minidev\accessors-smart\1.2\accessors-smart-1.2.jar;d:\maven\maven.m2\repository\org\ow2\asm\asm\5.0.4\asm-5.0.4.jar;d:\maven\maven.m2\repository\junit\junit\4.12\junit-4.12.jar;d:\maven\maven.m2\repository\org\assertj\assertj-core\3.9.1\assertj-core-3.9.1.jar;d:\maven\maven.m2\repository\org\mockito\mockito-core\2.15.0\mockito-core-2.15.0.jar;d:\maven\maven.m2\repository\net\bytebuddy\byte-buddy\1.7.10\byte-buddy-1.7.10.jar;d:\maven\maven.m2\repository\net\bytebuddy\byte-buddy-agent\1.7.10\byte-buddy-agent-1.7.10.jar;d:\maven\maven.m2\repository\org\objenesis\objenesis\2.6\objenesis-2.6.jar;d:\maven\maven.m2\repository\org\hamcrest\hamcrest-core\1.3\hamcrest-core-1.3.jar;d:\maven\maven.m2\repository\org\hamcrest\hamcrest-library\1.3\hamcrest-library-1.3.jar;d:\maven\maven.m2\repository\org\skyscreamer\jsonassert\1.5.0\jsonassert-1.5.0.jar;d:\maven\maven.m2\repository\com\vaadin\external\google\android-json\0.0.20131108.vaadin1\android-json-0.0.20131108.vaadin1.jar;d:\maven\maven.m2\repository\org\springframework\spring-core\5.0.4.RELEASE\spring-core-5.0.4.RELEASE.jar;d:\maven\maven.m2\repository\org\springframework\spring-jcl\5.0.4.RELEASE\spring-jcl-5.0.4.RELEASE.jar;d:\maven\maven.m2\repository\org\springframework\spring-test\5.0.4.RELEASE\spring-test-5.0.4.RELEASE.jar;d:\maven\maven.m2\repository\org\xmlunit\xmlunit-core\2.5.1\xmlunit-core-2.5.1.jar;d:\maven\maven.m2\repository\com\google\code\gson\gson\2.6.2\gson-2.6.2.jar;d:\maven\maven.m2\repository\org\json\json\20160810\json-20160810.jar;d:\maven\maven.m2\repository\commons-lang\commons-lang\2.6\commons-lang-2.6.jar;d:\maven\maven.m2\repository\io\springfox\springfox-swagger2\2.7.0\springfox-swagger2-2.7.0.jar;d:\maven\maven.m2\repository\io\swagger\swagger-annotations\1.5.13\swagger-annotations-1.5.13.jar;d:\maven\maven.m2\repository\io\swagger\swagger-models\1.5.13\swagger-models-1.5.13.jar;d:\maven\maven.m2\repository\com\fasterxml\jackson\core\jackson-annotations\2.9.0\jackson-annotations-2.9.0.jar;d:\maven\maven.m2\repository\io\springfox\springfox-spi\2.7.0\springfox-spi-2.7.0.jar;d:\maven\maven.m2\repository\io\springfox\springfox-core\2.7.0\springfox-core-2.7.0.jar;d:\maven\maven.m2\repository\io\springfox\springfox-schema\2.7.0\springfox-schema-2.7.0.jar;d:\maven\maven.m2\repository\io\springfox\springfox-swagger-common\2.7.0\springfox-swagger-common-2.7.0.jar;d:\maven\maven.m2\repository\io\springfox\springfox-spring-web\2.7.0\springfox-spring-web-2.7.0.jar;d:\maven\maven.m2\repository\org\reflections\reflections\0.9.11\reflections-0.9.11.jar;d:\maven\maven.m2\repository\org\javassist\javassist\3.21.0-GA\javassist-3.21.0-GA.jar;d:\maven\maven.m2\repository\com\google\guava\guava\18.0\guava-18.0.jar;d:\maven\maven.m2\repository\com\fasterxml\classmate\1.3.4\classmate-1.3.4.jar;d:\maven\maven.m2\repository\org\springframework\plugin\spring-plugin-core\1.2.0.RELEASE\spring-plugin-core-1.2.0.RELEASE.jar;d:\maven\maven.m2\repository\org\springframework\plugin\spring-plugin-metadata\1.2.0.RELEASE\spring-plugin-metadata-1.2.0.RELEASE.jar;d:\maven\maven.m2\repository\org\mapstruct\mapstruct\1.1.0.Final\mapstruct-1.1.0.Final.jar;d:\maven\maven.m2\repository\io\springfox\springfox-swagger-ui\2.7.0\springfox-swagger-ui-2.7.0.jar;"/>
    <property name="sun.cpu.endian" value="little"/>
    <property name="user.home" value="C:\Users\Administrator"/>
    <property name="user.language" value="zh"/>
    <property name="java.specification.vendor" value="Oracle Corporation"/>
    <property name="java.home" value="C:\Program Files\Java\jdk1.8.0_121\jre"/>
    <property name="basedir" value="F:\IDEAproject\AA-time\AA-time-web"/>
    <property name="file.separator" value="\"/>
    <property name="line.separator" value="&#10;"/>
    <property name="java.vm.specification.vendor" value="Oracle Corporation"/>
    <property name="java.specification.name" value="Java Platform API Specification"/>
    <property name="java.awt.graphicsenv" value="sun.awt.Win32GraphicsEnvironment"/>
    <property name="surefire.real.class.path" value="C:\Users\ADMINI~1\AppData\Local\Temp\surefire7375943761385897879\surefirebooter5425501732065712559.jar"/>
    <property name="sun.boot.class.path" value="C:\Program Files\Java\jdk1.8.0_121\jre\lib\resources.jar;C:\Program Files\Java\jdk1.8.0_121\jre\lib\rt.jar;C:\Program Files\Java\jdk1.8.0_121\jre\lib\sunrsasign.jar;C:\Program Files\Java\jdk1.8.0_121\jre\lib\jsse.jar;C:\Program Files\Java\jdk1.8.0_121\jre\lib\jce.jar;C:\Program Files\Java\jdk1.8.0_121\jre\lib\charsets.jar;C:\Program Files\Java\jdk1.8.0_121\jre\lib\jfr.jar;C:\Program Files\Java\jdk1.8.0_121\jre\classes"/>
    <property name="user.script" value=""/>
    <property name="sun.management.compiler" value="HotSpot 64-Bit Tiered Compilers"/>
    <property name="java.runtime.version" value="1.8.0_121-b13"/>
    <property name="user.name" value="pjmike"/>
    <property name="path.separator" value=";"/>
    <property name="os.version" value="10.0"/>
    <property name="java.endorsed.dirs" value="C:\Program Files\Java\jdk1.8.0_121\jre\lib\endorsed"/>
    <property name="java.runtime.name" value="Java(TM) SE Runtime Environment"/>
    <property name="file.encoding" value="GBK"/>
    <property name="java.vm.name" value="Java HotSpot(TM) 64-Bit Server VM"/>
    <property name="localRepository" value="d:\maven\maven.m2\repository"/>
    <property name="java.vendor.url.bug" value="http://bugreport.sun.com/bugreport/"/>
    <property name="java.io.tmpdir" value="C:\Users\ADMINI~1\AppData\Local\Temp\"/>
    <property name="idea.version" value="2017.2.4"/>
    <property name="java.version" value="1.8.0_121"/>
    <property name="user.dir" value="F:\IDEAproject\AA-time\AA-time-web"/>
    <property name="os.arch" value="amd64"/>
    <property name="java.vm.specification.name" value="Java Virtual Machine Specification"/>
    <property name="java.awt.printerjob" value="sun.awt.windows.WPrinterJob"/>
    <property name="sun.os.patch.level" value=""/>
    <property name="java.library.path" value="C:\Program Files\Java\jdk1.8.0_121\jre\bin;C:\WINDOWS\Sun\Java\bin;C:\WINDOWS\system32;C:\WINDOWS;C:\ProgramData\Oracle\Java\javapath;C:\WINDOWS\system32;C:\WINDOWS;C:\WINDOWS\System32\Wbem;C:\WINDOWS\System32\WindowsPowerShell\v1.0\;G:\Git\cmd;C:\Program Files\nodejs\;.;C:\Program Files\Java\jdk1.8.0_121\bin;C:\Program Files\Java\jdk1.8.0_121\jre\bin;C:\Users\Administrator\AppData\Local\Microsoft\WindowsApps;C:\Users\Administrator\AppData\Roaming\npm;."/>
    <property name="java.vm.info" value="mixed mode"/>
    <property name="java.vendor" value="Oracle Corporation"/>
    <property name="java.vm.version" value="25.121-b13"/>
    <property name="java.ext.dirs" value="C:\Program Files\Java\jdk1.8.0_121\jre\lib\ext;C:\WINDOWS\Sun\Java\lib\ext"/>
    <property name="sun.io.unicode.encoding" value="UnicodeLittle"/>
    <property name="java.class.version" value="52.0"/>
  </properties>
  <testcase name="initializationError" classname="com.ctg.aatime.dao.ActivityMembersDaoTest" time="0">
    <error message="No runnable methods" type="java.lang.Exception">java.lang.Exception: No runnable methods
</error>
  </testcase>
</testsuite>